<?xml version="1.0" encoding="UTF-8"?>
<!-- Generated by org.testng.reporters.JUnitReportReporter -->
<testsuite hostname="DESKTOP-328P50G" name="login.TestLogin" tests="2" failures="0" timestamp="17 Mar 2022 02:43:43 GMT" time="30.340" errors="0">
  <testcase name="testLoginWithInvalidCredentials" time="14.193" classname="login.TestLogin"/>
  <testcase name="testLogin" time="16.147" classname="login.TestLogin"/>
</testsuite> <!-- login.TestLogin -->
