<?xml version="1.0" encoding="UTF-8"?>
<!-- Generated by org.testng.reporters.JUnitReportReporter -->
<testsuite hostname="DESKTOP-328P50G" name="login.TestLogin" tests="1" failures="0" timestamp="16 Mar 2022 22:31:46 GMT" time="18.133" errors="0">
  <testcase name="testLogin" time="18.133" classname="login.TestLogin"/>
</testsuite> <!-- login.TestLogin -->
